#
# There is insufficient memory for the Java Runtime Environment to continue.
# Native memory allocation (mmap) failed to map 83886080 bytes for committing reserved memory.
# Possible reasons:
#   The system is out of physical RAM or swap space
#   The process is running with CompressedOops enabled, and the Java Heap may be blocking the growth of the native heap
# Possible solutions:
#   Reduce memory load on the system
#   Increase physical memory or swap space
#   Check if swap backing store is full
#   Decrease Java heap size (-Xmx/-Xms)
#   Decrease number of Java threads
#   Decrease Java thread stack sizes (-Xss)
#   Set larger code cache with -XX:ReservedCodeCacheSize=
#   JVM is running with Unscaled Compressed Oops mode in which the Java heap is
#     placed in the first 4GB address space. The Java Heap base address is the
#     maximum limit for the native heap growth. Please use -XX:HeapBaseMinAddress
#     to set the Java Heap base and to place the Java Heap above 4GB virtual address.
# This output file may be truncated or incomplete.
#
#  Out of Memory Error (os_linux.cpp:2757), pid=11969, tid=0x00007f1c6d084700
#
# JRE version: OpenJDK Runtime Environment (8.0_242-b08) (build 1.8.0_242-8u242-b08-0ubuntu3~16.04-b08)
# Java VM: OpenJDK 64-Bit Server VM (25.242-b08 mixed mode linux-amd64 compressed oops)
# Failed to write core dump. Core dumps have been disabled. To enable core dumping, try "ulimit -c unlimited" before starting Java again
#

---------------  T H R E A D  ---------------

Current thread (0x00007f1c8407a800):  VMThread [stack: 0x00007f1c6cf84000,0x00007f1c6d085000] [id=11982]

Stack: [0x00007f1c6cf84000,0x00007f1c6d085000],  sp=0x00007f1c6d0834b0,  free space=1021k
Native frames: (J=compiled Java code, j=interpreted, Vv=VM code, C=native code)
V  [libjvm.so+0xa7ad8b]
V  [libjvm.so+0x4ccbcc]
V  [libjvm.so+0x8c8a28]
V  [libjvm.so+0x8c006e]
V  [libjvm.so+0x93ddb6]
V  [libjvm.so+0x93f0e3]
V  [libjvm.so+0x93b7c4]
V  [libjvm.so+0x93ba5c]
V  [libjvm.so+0x8ed723]
V  [libjvm.so+0xa7cac2]
V  [libjvm.so+0xa81b57]
V  [libjvm.so+0xa7f3b7]
V  [libjvm.so+0xa8069f]
V  [libjvm.so+0xa80bc2]
V  [libjvm.so+0x8c5d82]

VM_Operation (0x00007f1c8bb34fa0): ParallelGCFailedAllocation, mode: safepoint, requested by thread 0x00007f1c8400d000


---------------  P R O C E S S  ---------------

Java Threads: ( => current thread )
  0x00007f1c84324800 JavaThread "ReaderThread" [_thread_in_native, id=11991, stack(0x00007f1c64737000,0x00007f1c64838000)]
  0x00007f1c840cb800 JavaThread "Service Thread" daemon [_thread_blocked, id=11989, stack(0x00007f1c67dfe000,0x00007f1c67eff000)]
  0x00007f1c840c0000 JavaThread "C1 CompilerThread2" daemon [_thread_blocked, id=11988, stack(0x00007f1c67eff000,0x00007f1c68000000)]
  0x00007f1c840be800 JavaThread "C2 CompilerThread1" daemon [_thread_blocked, id=11987, stack(0x00007f1c6c0c0000,0x00007f1c6c1c1000)]
  0x00007f1c840bb800 JavaThread "C2 CompilerThread0" daemon [_thread_blocked, id=11986, stack(0x00007f1c6c1c1000,0x00007f1c6c2c2000)]
  0x00007f1c840ba000 JavaThread "Signal Dispatcher" daemon [_thread_blocked, id=11985, stack(0x00007f1c6c2c2000,0x00007f1c6c3c3000)]
  0x00007f1c84088800 JavaThread "Finalizer" daemon [_thread_blocked, id=11984, stack(0x00007f1c6cd82000,0x00007f1c6ce83000)]
  0x00007f1c84084000 JavaThread "Reference Handler" daemon [_thread_blocked, id=11983, stack(0x00007f1c6ce83000,0x00007f1c6cf84000)]
  0x00007f1c8400d000 JavaThread "main" [_thread_blocked, id=11977, stack(0x00007f1c8ba3e000,0x00007f1c8bb3f000)]

Other Threads:
=>0x00007f1c8407a800 VMThread [stack: 0x00007f1c6cf84000,0x00007f1c6d085000] [id=11982]
  0x00007f1c840ce000 WatcherThread [stack: 0x00007f1c67cfd000,0x00007f1c67dfe000] [id=11990]

VM state:at safepoint (normal execution)

VM Mutex/Monitor currently owned by a thread:  ([mutex/lock_event])
[0x00007f1c84009090] Threads_lock - owner thread: 0x00007f1c8407a800
[0x00007f1c84009590] Heap_lock - owner thread: 0x00007f1c8400d000

heap address: 0x00000000c5600000, size: 938 MB, Compressed Oops mode: 32-bit
Narrow klass base: 0x0000000000000000, Narrow klass shift: 3
Compressed class space size: 1073741824 Address: 0x0000000100000000

Heap:
 PSYoungGen      total 64000K, used 2544K [0x00000000ec780000, 0x00000000f0880000, 0x0000000100000000)
  eden space 61440K, 0% used [0x00000000ec780000,0x00000000ec780000,0x00000000f0380000)
  from space 2560K, 99% used [0x00000000f0380000,0x00000000f05fc010,0x00000000f0600000)
  to   space 2560K, 0% used [0x00000000f0600000,0x00000000f0600000,0x00000000f0880000)
 ParOldGen       total 40960K, used 18973K [0x00000000c5600000, 0x00000000c7e00000, 0x00000000ec780000)
  object space 40960K, 46% used [0x00000000c5600000,0x00000000c6887680,0x00000000c7e00000)
 Metaspace       used 20083K, capacity 21114K, committed 21248K, reserved 1067008K
  class space    used 2509K, capacity 2987K, committed 3072K, reserved 1048576K

Card table byte_map: [0x00007f1c74e2a000,0x00007f1c75000000] byte_map_base: 0x00007f1c747ff000

Marking Bits: (ParMarkBitMap*) 0x00007f1c8ad075c0
 Begin Bits: [0x00007f1c6e2b0000, 0x00007f1c6f158000)
 End Bits:   [0x00007f1c6f158000, 0x00007f1c70000000)

Polling page: 0x00007f1c8bb5b000

CodeCache: size=245760Kb used=9106Kb max_used=9146Kb free=236653Kb
 bounds [0x00007f1c75000000, 0x00007f1c75900000, 0x00007f1c84000000]
 total_blobs=2739 nmethods=2089 adapters=564
 compilation: enabled

Compilation events (10 events):
Event: 11,639 Thread 0x00007f1c840be800 nmethod 2085 0x00007f1c758c8a90 code [0x00007f1c758c8be0, 0x00007f1c758c8c78]
Event: 11,641 Thread 0x00007f1c840c0000 2087   !   3       java.util.regex.Pattern::<init> (98 bytes)
Event: 11,642 Thread 0x00007f1c840c0000 nmethod 2087 0x00007f1c758baa10 code [0x00007f1c758bac00, 0x00007f1c758bb5e8]
Event: 11,643 Thread 0x00007f1c840c0000 2088       3       java.util.regex.Pattern$CharProperty::<init> (5 bytes)
Event: 11,643 Thread 0x00007f1c840c0000 nmethod 2088 0x00007f1c758cc090 code [0x00007f1c758cc200, 0x00007f1c758cc490]
Event: 11,643 Thread 0x00007f1c840c0000 2089       3       java.util.regex.Pattern$CharProperty::<init> (5 bytes)
Event: 11,643 Thread 0x00007f1c840c0000 nmethod 2089 0x00007f1c758cbc10 code [0x00007f1c758cbd80, 0x00007f1c758cbfb0]
Event: 11,665 Thread 0x00007f1c840be800 2090       4       sun.nio.cs.UTF_8$Decoder::decode (779 bytes)
Event: 11,667 Thread 0x00007f1c840c0000 2091       3       java.util.AbstractCollection::isEmpty (13 bytes)
Event: 11,667 Thread 0x00007f1c840c0000 nmethod 2091 0x00007f1c758cb790 code [0x00007f1c758cb900, 0x00007f1c758cbb68]

GC Heap History (9 events):
Event: 3,205 GC heap before
{Heap before GC invocations=1 (full 0):
 PSYoungGen      total 17920K, used 15360K [0x00000000ec780000, 0x00000000edb80000, 0x0000000100000000)
  eden space 15360K, 100% used [0x00000000ec780000,0x00000000ed680000,0x00000000ed680000)
  from space 2560K, 0% used [0x00000000ed900000,0x00000000ed900000,0x00000000edb80000)
  to   space 2560K, 0% used [0x00000000ed680000,0x00000000ed680000,0x00000000ed900000)
 ParOldGen       total 40960K, used 0K [0x00000000c5600000, 0x00000000c7e00000, 0x00000000ec780000)
  object space 40960K, 0% used [0x00000000c5600000,0x00000000c5600000,0x00000000c7e00000)
 Metaspace       used 6370K, capacity 6442K, committed 6656K, reserved 1056768K
  class space    used 675K, capacity 721K, committed 768K, reserved 1048576K
Event: 3,247 GC heap after
Heap after GC invocations=1 (full 0):
 PSYoungGen      total 17920K, used 2535K [0x00000000ec780000, 0x00000000eea80000, 0x0000000100000000)
  eden space 15360K, 0% used [0x00000000ec780000,0x00000000ec780000,0x00000000ed680000)
  from space 2560K, 99% used [0x00000000ed680000,0x00000000ed8f9fc0,0x00000000ed900000)
  to   space 2560K, 0% used [0x00000000ee800000,0x00000000ee800000,0x00000000eea80000)
 ParOldGen       total 40960K, used 70K [0x00000000c5600000, 0x00000000c7e00000, 0x00000000ec780000)
  object space 40960K, 0% used [0x00000000c5600000,0x00000000c5611ab8,0x00000000c7e00000)
 Metaspace       used 6370K, capacity 6442K, committed 6656K, reserved 1056768K
  class space    used 675K, capacity 721K, committed 768K, reserved 1048576K
}
Event: 4,342 GC heap before
{Heap before GC invocations=2 (full 0):
 PSYoungGen      total 17920K, used 17895K [0x00000000ec780000, 0x00000000eea80000, 0x0000000100000000)
  eden space 15360K, 100% used [0x00000000ec780000,0x00000000ed680000,0x00000000ed680000)
  from space 2560K, 99% used [0x00000000ed680000,0x00000000ed8f9fc0,0x00000000ed900000)
  to   space 2560K, 0% used [0x00000000ee800000,0x00000000ee800000,0x00000000eea80000)
 ParOldGen       total 40960K, used 70K [0x00000000c5600000, 0x00000000c7e00000, 0x00000000ec780000)
  object space 40960K, 0% used [0x00000000c5600000,0x00000000c5611ab8,0x00000000c7e00000)
 Metaspace       used 8563K, capacity 8662K, committed 8960K, reserved 1056768K
  class space    used 940K, capacity 949K, committed 1024K, reserved 1048576K
Event: 4,363 GC heap after
Heap after GC invocations=2 (full 0):
 PSYoungGen      total 33280K, used 2544K [0x00000000ec780000, 0x00000000eea80000, 0x0000000100000000)
  eden space 30720K, 0% used [0x00000000ec780000,0x00000000ec780000,0x00000000ee580000)
  from space 2560K, 99% used [0x00000000ee800000,0x00000000eea7c010,0x00000000eea80000)
  to   space 2560K, 0% used [0x00000000ee580000,0x00000000ee580000,0x00000000ee800000)
 ParOldGen       total 40960K, used 1327K [0x00000000c5600000, 0x00000000c7e00000, 0x00000000ec780000)
  object space 40960K, 3% used [0x00000000c5600000,0x00000000c574bcb8,0x00000000c7e00000)
 Metaspace       used 8563K, capacity 8662K, committed 8960K, reserved 1056768K
  class space    used 940K, capacity 949K, committed 1024K, reserved 1048576K
}
Event: 5,145 GC heap before
{Heap before GC invocations=3 (full 0):
 PSYoungGen      total 33280K, used 33264K [0x00000000ec780000, 0x00000000eea80000, 0x0000000100000000)
  eden space 30720K, 100% used [0x00000000ec780000,0x00000000ee580000,0x00000000ee580000)
  from space 2560K, 99% used [0x00000000ee800000,0x00000000eea7c010,0x00000000eea80000)
  to   space 2560K, 0% used [0x00000000ee580000,0x00000000ee580000,0x00000000ee800000)
 ParOldGen       total 40960K, used 1327K [0x00000000c5600000, 0x00000000c7e00000, 0x00000000ec780000)
  object space 40960K, 3% used [0x00000000c5600000,0x00000000c574bcb8,0x00000000c7e00000)
 Metaspace       used 10799K, capacity 10990K, committed 11264K, reserved 1058816K
  class space    used 1180K, capacity 1228K, committed 1280K, reserved 1048576K
Event: 5,160 GC heap after
Heap after GC invocations=3 (full 0):
 PSYoungGen      total 33280K, used 2544K [0x00000000ec780000, 0x00000000f0880000, 0x0000000100000000)
  eden space 30720K, 0% used [0x00000000ec780000,0x00000000ec780000,0x00000000ee580000)
  from space 2560K, 99% used [0x00000000ee580000,0x00000000ee7fc030,0x00000000ee800000)
  to   space 2560K, 0% used [0x00000000f0600000,0x00000000f0600000,0x00000000f0880000)
 ParOldGen       total 40960K, used 5469K [0x00000000c5600000, 0x00000000c7e00000, 0x00000000ec780000)
  object space 40960K, 13% used [0x00000000c5600000,0x00000000c5b576e0,0x00000000c7e00000)
 Metaspace       used 10799K, capacity 10990K, committed 11264K, reserved 1058816K
  class space    used 1180K, capacity 1228K, committed 1280K, reserved 1048576K
}
Event: 6,899 GC heap before
{Heap before GC invocations=4 (full 0):
 PSYoungGen      total 33280K, used 33264K [0x00000000ec780000, 0x00000000f0880000, 0x0000000100000000)
  eden space 30720K, 100% used [0x00000000ec780000,0x00000000ee580000,0x00000000ee580000)
  from space 2560K, 99% used [0x00000000ee580000,0x00000000ee7fc030,0x00000000ee800000)
  to   space 2560K, 0% used [0x00000000f0600000,0x00000000f0600000,0x00000000f0880000)
 ParOldGen       total 40960K, used 5469K [0x00000000c5600000, 0x00000000c7e00000, 0x00000000ec780000)
  object space 40960K, 13% used [0x00000000c5600000,0x00000000c5b576e0,0x00000000c7e00000)
 Metaspace       used 13876K, capacity 14388K, committed 14464K, reserved 1062912K
  class space    used 1623K, capacity 1871K, committed 1920K, reserved 1048576K
Event: 6,910 GC heap after
Heap after GC invocations=4 (full 0):
 PSYoungGen      total 64000K, used 2544K [0x00000000ec780000, 0x00000000f0880000, 0x0000000100000000)
  eden space 61440K, 0% used [0x00000000ec780000,0x00000000ec780000,0x00000000f0380000)
  from space 2560K, 99% used [0x00000000f0600000,0x00000000f087c010,0x00000000f0880000)
  to   space 2560K, 0% used [0x00000000f0380000,0x00000000f0380000,0x00000000f0600000)
 ParOldGen       total 40960K, used 10559K [0x00000000c5600000, 0x00000000c7e00000, 0x00000000ec780000)
  object space 40960K, 25% used [0x00000000c5600000,0x00000000c604fc28,0x00000000c7e00000)
 Metaspace       used 13876K, capacity 14388K, committed 14464K, reserved 1062912K
  class space    used 1623K, capacity 1871K, committed 1920K, reserved 1048576K
}
Event: 11,675 GC heap before
{Heap before GC invocations=5 (full 0):
 PSYoungGen      total 64000K, used 63984K [0x00000000ec780000, 0x00000000f0880000, 0x0000000100000000)
  eden space 61440K, 100% used [0x00000000ec780000,0x00000000f0380000,0x00000000f0380000)
  from space 2560K, 99% used [0x00000000f0600000,0x00000000f087c010,0x00000000f0880000)
  to   space 2560K, 0% used [0x00000000f0380000,0x00000000f0380000,0x00000000f0600000)
 ParOldGen       total 40960K, used 10559K [0x00000000c5600000, 0x00000000c7e00000, 0x00000000ec780000)
  object space 40960K, 25% used [0x00000000c5600000,0x00000000c604fc28,0x00000000c7e00000)
 Metaspace       used 20083K, capacity 21114K, committed 21248K, reserved 1067008K
  class space    used 2509K, capacity 2987K, committed 3072K, reserved 1048576K

Deoptimization events (10 events):
Event: 9,718 Thread 0x00007f1c8400d000 Uncommon trap: reason=class_check action=maybe_recompile pc=0x00007f1c757b6408 method=sun.security.util.math.intpoly.IntegerPolynomial$MutableElement.setSum(Lsun/security/util/math/IntegerModuloP;)Lsun/security/util/math/intpoly/IntegerPolynomial$MutableE
Event: 9,718 Thread 0x00007f1c8400d000 Uncommon trap: reason=class_check action=maybe_recompile pc=0x00007f1c757b6408 method=sun.security.util.math.intpoly.IntegerPolynomial$MutableElement.setSum(Lsun/security/util/math/IntegerModuloP;)Lsun/security/util/math/intpoly/IntegerPolynomial$MutableE
Event: 9,718 Thread 0x00007f1c8400d000 Uncommon trap: reason=class_check action=maybe_recompile pc=0x00007f1c757b6408 method=sun.security.util.math.intpoly.IntegerPolynomial$MutableElement.setSum(Lsun/security/util/math/IntegerModuloP;)Lsun/security/util/math/intpoly/IntegerPolynomial$MutableE
Event: 9,718 Thread 0x00007f1c8400d000 Uncommon trap: reason=class_check action=maybe_recompile pc=0x00007f1c757b6408 method=sun.security.util.math.intpoly.IntegerPolynomial$MutableElement.setSum(Lsun/security/util/math/IntegerModuloP;)Lsun/security/util/math/intpoly/IntegerPolynomial$MutableE
Event: 9,779 Thread 0x00007f1c8400d000 Uncommon trap: reason=unstable_if action=reinterpret pc=0x00007f1c7579cac8 method=java.util.Arrays.equals([B[B)Z @ 12
Event: 10,217 Thread 0x00007f1c8400d000 Uncommon trap: reason=unstable_if action=reinterpret pc=0x00007f1c7556d15c method=groovyjarjarasm.asm.Type.getArgumentsAndReturnSizes(Ljava/lang/String;)I @ 47
Event: 10,427 Thread 0x00007f1c8400d000 Uncommon trap: reason=unstable_if action=reinterpret pc=0x00007f1c758040b8 method=java.io.DataInputStream.readUTF(Ljava/io/DataInput;)Ljava/lang/String; @ 31
Event: 10,464 Thread 0x00007f1c8400d000 Uncommon trap: reason=unstable_if action=reinterpret pc=0x00007f1c75727590 method=java.lang.CharacterDataLatin1.digit(II)I @ 60
Event: 11,248 Thread 0x00007f1c8400d000 Uncommon trap: reason=unstable_if action=reinterpret pc=0x00007f1c755b3b5c method=sun.reflect.misc.ReflectUtil.isNonPublicProxyClass(Ljava/lang/Class;)Z @ 14
Event: 11,464 Thread 0x00007f1c8400d000 Uncommon trap: reason=class_check action=maybe_recompile pc=0x00007f1c755e553c method=java.util.regex.Matcher.search(I)Z @ 86

Classes redefined (0 events):
No events

Internal exceptions (10 events):
Event: 11,423 Thread 0x00007f1c8400d000 Exception <a 'java/lang/ClassNotFoundException': [Lio/restassured/internal/assertion/PathFragmentEscaper;Customizer> (0x00000000efc8bcf8) thrown at [/build/openjdk-8-Wut_v1/openjdk-8-8u242-b08/src/hotspot/src/share/vm/prims/jni.cpp, line 737]
Event: 11,423 Thread 0x00007f1c8400d000 Exception <a 'java/lang/ClassNotFoundException': [Lio/restassured/internal/assertion/PathFragmentEscaper;Customizer> (0x00000000efc8c570) thrown at [/build/openjdk-8-Wut_v1/openjdk-8-8u242-b08/src/hotspot/src/share/vm/prims/jni.cpp, line 737]
Event: 11,428 Thread 0x00007f1c8400d000 Exception <a 'java/lang/ClassNotFoundException': java/lang/CharacterBeanInfo> (0x00000000efcc1660) thrown at [/build/openjdk-8-Wut_v1/openjdk-8-8u242-b08/src/hotspot/src/share/vm/classfile/systemDictionary.cpp, line 210]
Event: 11,429 Thread 0x00007f1c8400d000 Exception <a 'java/lang/ClassNotFoundException': java/lang/CharacterCustomizer> (0x00000000efccacc8) thrown at [/build/openjdk-8-Wut_v1/openjdk-8-8u242-b08/src/hotspot/src/share/vm/classfile/systemDictionary.cpp, line 210]
Event: 11,436 Thread 0x00007f1c8400d000 Exception <a 'java/lang/ClassNotFoundException': org/apache/commons/lang3/math/NumberUtilsBeanInfo> (0x00000000efd3d700) thrown at [/build/openjdk-8-Wut_v1/openjdk-8-8u242-b08/src/hotspot/src/share/vm/classfile/systemDictionary.cpp, line 210]
Event: 11,437 Thread 0x00007f1c8400d000 Exception <a 'java/lang/ClassNotFoundException': org/apache/commons/lang3/math/NumberUtilsCustomizer> (0x00000000efd53200) thrown at [/build/openjdk-8-Wut_v1/openjdk-8-8u242-b08/src/hotspot/src/share/vm/classfile/systemDictionary.cpp, line 210]
Event: 11,480 Thread 0x00007f1c8400d000 Exception <a 'java/lang/ClassNotFoundException': groovy/lang/BindingBeanInfo> (0x00000000efde62b0) thrown at [/build/openjdk-8-Wut_v1/openjdk-8-8u242-b08/src/hotspot/src/share/vm/classfile/systemDictionary.cpp, line 210]
Event: 11,480 Thread 0x00007f1c8400d000 Exception <a 'java/lang/ClassNotFoundException': groovy/lang/BindingCustomizer> (0x00000000efdf7980) thrown at [/build/openjdk-8-Wut_v1/openjdk-8-8u242-b08/src/hotspot/src/share/vm/classfile/systemDictionary.cpp, line 210]
Event: 11,495 Thread 0x00007f1c8400d000 Exception <a 'java/lang/ClassNotFoundException': groovy/lang/GroovyShellBeanInfo> (0x00000000efe3db60) thrown at [/build/openjdk-8-Wut_v1/openjdk-8-8u242-b08/src/hotspot/src/share/vm/classfile/systemDictionary.cpp, line 210]
Event: 11,496 Thread 0x00007f1c8400d000 Exception <a 'java/lang/ClassNotFoundException': groovy/lang/GroovyShellCustomizer> (0x00000000efe4fb28) thrown at [/build/openjdk-8-Wut_v1/openjdk-8-8u242-b08/src/hotspot/src/share/vm/classfile/systemDictionary.cpp, line 210]

Events (10 events):
Event: 11,673 loading class org/codehaus/groovy/antlr/ASTRuntimeException done
Event: 11,673 loading class org/codehaus/groovy/antlr/ASTParserException
Event: 11,673 loading class org/codehaus/groovy/antlr/ASTParserException done
Event: 11,674 loading class org/codehaus/groovy/syntax/ParserException
Event: 11,674 loading class org/codehaus/groovy/syntax/ParserException done
Event: 11,674 loading class org/codehaus/groovy/syntax/TokenException
Event: 11,674 loading class org/codehaus/groovy/syntax/TokenException done
Event: 11,675 loading class org/codehaus/groovy/antlr/treewalker/Visitor
Event: 11,675 loading class org/codehaus/groovy/antlr/treewalker/Visitor done
Event: 11,675 Executing VM operation: ParallelGCFailedAllocation


Dynamic libraries:
00400000-00401000 r-xp 00000000 08:03 12587842                           /usr/lib/jvm/java-8-openjdk-amd64/jre/bin/java
00600000-00601000 r--p 00000000 08:03 12587842                           /usr/lib/jvm/java-8-openjdk-amd64/jre/bin/java
00601000-00602000 rw-p 00001000 08:03 12587842                           /usr/lib/jvm/java-8-openjdk-amd64/jre/bin/java
00904000-00925000 rw-p 00000000 00:00 0                                  [heap]
c5600000-c7e00000 rw-p 00000000 00:00 0 
c7e00000-ec780000 ---p 00000000 00:00 0 
ec780000-f0880000 rw-p 00000000 00:00 0 
f5880000-100000000 ---p 00000000 00:00 0 
100000000-100300000 rw-p 00000000 00:00 0 
100300000-140000000 ---p 00000000 00:00 0 
7f1c30000000-7f1c30021000 rw-p 00000000 00:00 0 
7f1c30021000-7f1c34000000 ---p 00000000 00:00 0 
7f1c373ae000-7f1c3756e000 rw-p 00000000 00:00 0 
7f1c3756e000-7f1c375ae000 ---p 00000000 00:00 0 
7f1c375ae000-7f1c377ae000 rw-p 00000000 00:00 0 
7f1c377ae000-7f1c377c5000 r-xp 00000000 08:03 11539199                   /lib/x86_64-linux-gnu/libresolv-2.23.so
7f1c377c5000-7f1c379c5000 ---p 00017000 08:03 11539199                   /lib/x86_64-linux-gnu/libresolv-2.23.so
7f1c379c5000-7f1c379c6000 r--p 00017000 08:03 11539199                   /lib/x86_64-linux-gnu/libresolv-2.23.so
7f1c379c6000-7f1c379c7000 rw-p 00018000 08:03 11539199                   /lib/x86_64-linux-gnu/libresolv-2.23.so
7f1c379c7000-7f1c379c9000 rw-p 00000000 00:00 0 
7f1c379c9000-7f1c379ce000 r-xp 00000000 08:03 11539144                   /lib/x86_64-linux-gnu/libnss_dns-2.23.so
7f1c379ce000-7f1c37bce000 ---p 00005000 08:03 11539144                   /lib/x86_64-linux-gnu/libnss_dns-2.23.so
7f1c37bce000-7f1c37bcf000 r--p 00005000 08:03 11539144                   /lib/x86_64-linux-gnu/libnss_dns-2.23.so
7f1c37bcf000-7f1c37bd0000 rw-p 00006000 08:03 11539144                   /lib/x86_64-linux-gnu/libnss_dns-2.23.so
7f1c37bd0000-7f1c37bd2000 r-xp 00000000 08:03 11539152                   /lib/x86_64-linux-gnu/libnss_mdns4_minimal.so.2
7f1c37bd2000-7f1c37dd1000 ---p 00002000 08:03 11539152                   /lib/x86_64-linux-gnu/libnss_mdns4_minimal.so.2
7f1c37dd1000-7f1c37dd2000 r--p 00001000 08:03 11539152                   /lib/x86_64-linux-gnu/libnss_mdns4_minimal.so.2
7f1c37dd2000-7f1c37dd3000 rw-p 00002000 08:03 11539152                   /lib/x86_64-linux-gnu/libnss_mdns4_minimal.so.2
7f1c37dd3000-7f1c37dfb000 r-xp 00000000 08:03 12587887                   /usr/lib/jvm/java-8-openjdk-amd64/jre/lib/amd64/libsunec.so
7f1c37dfb000-7f1c37ffb000 ---p 00028000 08:03 12587887                   /usr/lib/jvm/java-8-openjdk-amd64/jre/lib/amd64/libsunec.so
7f1c37ffb000-7f1c37fff000 r--p 00028000 08:03 12587887                   /usr/lib/jvm/java-8-openjdk-amd64/jre/lib/amd64/libsunec.so
7f1c37fff000-7f1c38000000 rw-p 0002c000 08:03 12587887                   /usr/lib/jvm/java-8-openjdk-amd64/jre/lib/amd64/libsunec.so
7f1c38000000-7f1c38021000 rw-p 00000000 00:00 0 
7f1c38021000-7f1c3c000000 ---p 00000000 00:00 0 
7f1c3c000000-7f1c3c021000 rw-p 00000000 00:00 0 
7f1c3c021000-7f1c40000000 ---p 00000000 00:00 0 
7f1c40000000-7f1c41377000 rw-p 00000000 00:00 0 
7f1c41377000-7f1c44000000 ---p 00000000 00:00 0 
7f1c44000000-7f1c449b7000 rw-p 00000000 00:00 0 
7f1c449b7000-7f1c48000000 ---p 00000000 00:00 0 
7f1c48000000-7f1c48021000 rw-p 00000000 00:00 0 
7f1c48021000-7f1c4c000000 ---p 00000000 00:00 0 
7f1c4c000000-7f1c4d132000 rw-p 00000000 00:00 0 
7f1c4d132000-7f1c50000000 ---p 00000000 00:00 0 
7f1c50000000-7f1c50021000 rw-p 00000000 00:00 0 
7f1c50021000-7f1c54000000 ---p 00000000 00:00 0 
7f1c54000000-7f1c54021000 rw-p 00000000 00:00 0 
7f1c54021000-7f1c58000000 ---p 00000000 00:00 0 
7f1c58000000-7f1c58021000 rw-p 00000000 00:00 0 
7f1c58021000-7f1c5c000000 ---p 00000000 00:00 0 
7f1c5c000000-7f1c5c021000 rw-p 00000000 00:00 0 
7f1c5c021000-7f1c60000000 ---p 00000000 00:00 0 
7f1c60000000-7f1c60021000 rw-p 00000000 00:00 0 
7f1c60021000-7f1c64000000 ---p 00000000 00:00 0 
7f1c6402c000-7f1c6422c000 rw-p 00000000 00:00 0 
7f1c6422c000-7f1c6442c000 rw-p 00000000 00:00 0 
7f1c6442c000-7f1c6462c000 rw-p 00000000 00:00 0 
7f1c6471d000-7f1c64730000 r--s 00346000 08:03 12587922                   /usr/lib/jvm/java-8-openjdk-amd64/jre/lib/resources.jar
7f1c64730000-7f1c64732000 r--s 00016000 08:03 12587923                   /usr/lib/jvm/java-8-openjdk-amd64/jre/lib/jce.jar
7f1c64732000-7f1c64737000 r--s 000a3000 08:03 12587860                   /usr/lib/jvm/java-8-openjdk-amd64/jre/lib/jsse.jar
7f1c64737000-7f1c6473a000 ---p 00000000 00:00 0 
7f1c6473a000-7f1c67839000 rw-p 00000000 00:00 0 
7f1c67839000-7f1c67850000 r-xp 00000000 08:03 12587910                   /usr/lib/jvm/java-8-openjdk-amd64/jre/lib/amd64/libnet.so
7f1c67850000-7f1c67a4f000 ---p 00017000 08:03 12587910                   /usr/lib/jvm/java-8-openjdk-amd64/jre/lib/amd64/libnet.so
7f1c67a4f000-7f1c67a50000 r--p 00016000 08:03 12587910                   /usr/lib/jvm/java-8-openjdk-amd64/jre/lib/amd64/libnet.so
7f1c67a50000-7f1c67a51000 rw-p 00017000 08:03 12587910                   /usr/lib/jvm/java-8-openjdk-amd64/jre/lib/amd64/libnet.so
7f1c67a51000-7f1c67a62000 r-xp 00000000 08:03 12587915                   /usr/lib/jvm/java-8-openjdk-amd64/jre/lib/amd64/libnio.so
7f1c67a62000-7f1c67c62000 ---p 00011000 08:03 12587915                   /usr/lib/jvm/java-8-openjdk-amd64/jre/lib/amd64/libnio.so
7f1c67c62000-7f1c67c63000 r--p 00011000 08:03 12587915                   /usr/lib/jvm/java-8-openjdk-amd64/jre/lib/amd64/libnio.so
7f1c67c63000-7f1c67c64000 rw-p 00012000 08:03 12587915                   /usr/lib/jvm/java-8-openjdk-amd64/jre/lib/amd64/libnio.so
7f1c67c64000-7f1c67c66000 r--s 00008000 00:33 9313097                    /home/robore/.m2/repository/io/rest-assured/rest-assured-common/3.0.0/rest-assured-common-3.0.0.jar
7f1c67c66000-7f1c67c68000 r--s 0001e000 00:33 9313095                    /home/robore/.m2/repository/org/codehaus/groovy/groovy-json/2.4.6/groovy-json-2.4.6.jar
7f1c67c68000-7f1c67c6a000 r--s 0000b000 00:33 9313093                    /home/robore/.m2/repository/io/rest-assured/json-path/3.0.0/json-path-3.0.0.jar
7f1c67c6a000-7f1c67c6d000 r--s 00019000 00:33 9442098                    /home/robore/.m2/repository/org/hamcrest/java-hamcrest/2.0.0.0/java-hamcrest-2.0.0.0.jar
7f1c67c6d000-7f1c67c6e000 r--s 00003000 00:33 9442096                    /home/robore/.m2/repository/org/hamcrest/hamcrest-junit/2.0.0.0/hamcrest-junit-2.0.0.0.jar
7f1c67c6e000-7f1c67c75000 r--s 00064000 00:33 9313099                    /home/robore/.m2/repository/org/apache/commons/commons-lang3/3.4/commons-lang3-3.4.jar
7f1c67c75000-7f1c67c77000 r--s 00010000 00:33 9442080                    /home/robore/.m2/repository/io/rest-assured/xml-path/3.0.0/xml-path-3.0.0.jar
7f1c67c77000-7f1c67c79000 r--s 00015000 00:33 8132529                    /home/robore/.m2/repository/org/ccil/cowan/tagsoup/tagsoup/1.2.1/tagsoup-1.2.1.jar
7f1c67c79000-7f1c67c7a000 r--s 0000c000 00:33 9313091                    /home/robore/.m2/repository/org/hamcrest/hamcrest-library/1.3/hamcrest-library-1.3.jar
7f1c67c7a000-7f1c67c7b000 r--s 00009000 00:33 9313089                    /home/robore/.m2/repository/org/apache/httpcomponents/httpmime/4.5.1/httpmime-4.5.1.jar
7f1c67c7b000-7f1c67c7f000 r--s 00031000 00:33 9313087                    /home/robore/.m2/repository/org/codehaus/groovy/groovy-xml/2.4.6/groovy-xml-2.4.6.jar
7f1c67c7f000-7f1c67ccb000 r--s 0040d000 00:33 9313085                    /home/robore/.m2/repository/org/codehaus/groovy/groovy/2.4.6/groovy-2.4.6.jar
7f1c67ccb000-7f1c67cd5000 r--s 00086000 00:33 9313083                    /home/robore/.m2/repository/io/rest-assured/rest-assured/3.0.0/rest-assured-3.0.0.jar
7f1c67cd5000-7f1c67cd7000 r--s 00009000 00:33 8782614                    /home/robore/.m2/repository/org/hamcrest/hamcrest-core/1.3/hamcrest-core-1.3.jar
7f1c67cd7000-7f1c67cdf000 r--s 00045000 00:33 8653044                    /home/robore/.m2/repository/junit/junit/4.12/junit-4.12.jar
7f1c67cdf000-7f1c67ce0000 r--s 00014000 00:33 8782230                    /home/robore/.m2/repository/com/squareup/okio/okio/1.14.1/okio-1.14.1.jar
7f1c67ce0000-7f1c67ce5000 r--s 00060000 00:33 8782228                    /home/robore/.m2/repository/com/squareup/okhttp3/okhttp/3.10.0/okhttp-3.10.0.jar
7f1c67ce5000-7f1c67cec000 r--s 00049000 00:33 8782226                    /home/robore/.m2/repository/org/apache/httpcomponents/httpcore/4.4.9/httpcore-4.4.9.jar
7f1c67cec000-7f1c67cfa000 r--s 000ae000 00:33 8782224                    /home/robore/.m2/repository/org/apache/httpcomponents/httpclient/4.5.5/httpclient-4.5.5.jar
7f1c67cfa000-7f1c67cfb000 r--s 00000000 00:33 8782222                    /home/robore/.m2/repository/org/codehaus/mojo/animal-sniffer-annotations/1.14/animal-sniffer-annotations-1.14.jar
7f1c67cfb000-7f1c67cfd000 r--s 00001000 00:33 8782220                    /home/robore/.m2/repository/com/google/j2objc/j2objc-annotations/1.1/j2objc-annotations-1.1.jar
7f1c67cfd000-7f1c67cfe000 ---p 00000000 00:00 0 
7f1c67cfe000-7f1c67dfe000 rw-p 00000000 00:00 0 
7f1c67dfe000-7f1c67e01000 ---p 00000000 00:00 0 
7f1c67e01000-7f1c67eff000 rw-p 00000000 00:00 0 
7f1c67eff000-7f1c67f02000 ---p 00000000 00:00 0 
7f1c67f02000-7f1c68000000 rw-p 00000000 00:00 0 
7f1c68000000-7f1c68021000 rw-p 00000000 00:00 0 
7f1c68021000-7f1c6c000000 ---p 00000000 00:00 0 
7f1c6c000000-7f1c6c002000 r--s 00002000 00:33 8782218                    /home/robore/.m2/repository/com/google/errorprone/error_prone_annotations/2.1.3/error_prone_annotations-2.1.3.jar
7f1c6c002000-7f1c6c004000 r--s 00006000 00:33 8782216                    /home/robore/.m2/repository/org/checkerframework/checker-compat-qual/2.0.0/checker-compat-qual-2.0.0.jar
7f1c6c004000-7f1c6c007000 r--s 00006000 00:33 8782214                    /home/robore/.m2/repository/com/google/code/findbugs/jsr305/1.3.9/jsr305-1.3.9.jar
7f1c6c007000-7f1c6c039000 r--s 0026b000 00:33 8782212                    /home/robore/.m2/repository/com/google/guava/guava/25.0-jre/guava-25.0-jre.jar
7f1c6c039000-7f1c6c03e000 r--s 00036000 00:33 8782210                    /home/robore/.m2/repository/com/google/code/gson/gson/2.8.4/gson-2.8.4.jar
7f1c6c03e000-7f1c6c040000 r--s 0000e000 00:33 8782208                    /home/robore/.m2/repository/commons-logging/commons-logging/1.2/commons-logging-1.2.jar
7f1c6c040000-7f1c6c047000 r--s 0003f000 00:33 8782206                    /home/robore/.m2/repository/commons-codec/commons-codec/1.10/commons-codec-1.10.jar
7f1c6c047000-7f1c6c049000 r--s 0000c000 00:33 8782204                    /home/robore/.m2/repository/org/apache/commons/commons-exec/1.3/commons-exec-1.3.jar
7f1c6c049000-7f1c6c089000 r--s 002a4000 00:33 8782202                    /home/robore/.m2/repository/net/bytebuddy/byte-buddy/1.8.3/byte-buddy-1.8.3.jar
7f1c6c089000-7f1c6c08e000 r--s 00021000 00:33 8782200                    /home/robore/.m2/repository/org/seleniumhq/selenium/selenium-support/3.13.0/selenium-support-3.13.0.jar
7f1c6c08e000-7f1c6c090000 r--s 00001000 00:33 8782198                    /home/robore/.m2/repository/org/seleniumhq/selenium/selenium-safari-driver/3.13.0/selenium-safari-driver-3.13.0.jar
7f1c6c090000-7f1c6c097000 r--s 0005c000 00:33 8782196                    /home/robore/.m2/repository/org/seleniumhq/selenium/selenium-remote-driver/3.13.0/selenium-remote-driver-3.13.0.jar
7f1c6c097000-7f1c6c099000 r--s 00001000 00:33 8782194                    /home/robore/.m2/repository/org/seleniumhq/selenium/selenium-opera-driver/3.13.0/selenium-opera-driver-3.13.0.jar
7f1c6c099000-7f1c6c09a000 r--s 00003000 00:33 8782192                    /home/robore/.m2/repository/org/seleniumhq/selenium/selenium-ie-driver/3.13.0/selenium-ie-driver-3.13.0.jar
7f1c6c09a000-7f1c6c09b000 r--s 000c3000 00:33 8782190                    /home/robore/.m2/repository/org/seleniumhq/selenium/selenium-firefox-driver/3.13.0/selenium-firefox-driver-3.13.0.jar
7f1c6c09b000-7f1c6c0a0000 r--s 00018000 00:33 8782184                    /home/robore/.m2/repository/org/seleniumhq/selenium/selenium-api/3.13.0/selenium-api-3.13.0.jar
7f1c6c0a0000-7f1c6c0a2000 r--s 00001000 08:03 12587868                   /usr/lib/jvm/java-8-openjdk-amd64/jre/lib/ext/dnsns.jar
7f1c6c0a2000-7f1c6c0a5000 r--s 0000f000 08:03 12587872                   /usr/lib/jvm/java-8-openjdk-amd64/jre/lib/ext/icedtea-sound.jar
7f1c6c0a5000-7f1c6c0c0000 r--s 00394000 08:03 12587866                   /usr/lib/jvm/java-8-openjdk-amd64/jre/lib/ext/cldrdata.jar
7f1c6c0c0000-7f1c6c0c3000 ---p 00000000 00:00 0 
7f1c6c0c3000-7f1c6c1c1000 rw-p 00000000 00:00 0 
7f1c6c1c1000-7f1c6c1c4000 ---p 00000000 00:00 0 
7f1c6c1c4000-7f1c6c2c2000 rw-p 00000000 00:00 0 
7f1c6c2c2000-7f1c6c2c5000 ---p 00000000 00:00 0 
7f1c6c2c5000-7f1c6c3c3000 rw-p 00000000 00:00 0 
7f1c6c3c3000-7f1c6cd82000 r--p 00000000 08:03 12459010                   /usr/lib/locale/locale-archive
7f1c6cd82000-7f1c6cd85000 ---p 00000000 00:00 0 
7f1c6cd85000-7f1c6ce83000 rw-p 00000000 00:00 0 
7f1c6ce83000-7f1c6ce86000 ---p 00000000 00:00 0 
7f1c6ce86000-7f1c6cf84000 rw-p 00000000 00:00 0 
7f1c6cf84000-7f1c6cf85000 ---p 00000000 00:00 0 
7f1c6cf85000-7f1c70000000 rw-p 00000000 00:00 0 
7f1c70000000-7f1c70021000 rw-p 00000000 00:00 0 
7f1c70021000-7f1c74000000 ---p 00000000 00:00 0 
7f1c74000000-7f1c74001000 r--s 00001000 00:33 8782188                    /home/robore/.m2/repository/org/seleniumhq/selenium/selenium-edge-driver/3.13.0/selenium-edge-driver-3.13.0.jar
7f1c74001000-7f1c74548000 rw-p 00000000 00:00 0 
7f1c74548000-7f1c74718000 r--s 03c68000 08:03 12587919                   /usr/lib/jvm/java-8-openjdk-amd64/jre/lib/rt.jar
7f1c74718000-7f1c748ed000 rw-p 00000000 00:00 0 
7f1c748ed000-7f1c748ee000 ---p 00000000 00:00 0 
7f1c748ee000-7f1c749ee000 rw-p 00000000 00:00 0 
7f1c749ee000-7f1c749ef000 ---p 00000000 00:00 0 
7f1c749ef000-7f1c74aef000 rw-p 00000000 00:00 0 
7f1c74aef000-7f1c74af0000 ---p 00000000 00:00 0 
7f1c74af0000-7f1c74bf0000 rw-p 00000000 00:00 0 
7f1c74bf0000-7f1c74bf1000 ---p 00000000 00:00 0 
7f1c74bf1000-7f1c74d05000 rw-p 00000000 00:00 0 
7f1c74d05000-7f1c74e2a000 ---p 00000000 00:00 0 
7f1c74e2a000-7f1c74e3e000 rw-p 00000000 00:00 0 
7f1c74e3e000-7f1c74f62000 ---p 00000000 00:00 0 
7f1c74f62000-7f1c74f84000 rw-p 00000000 00:00 0 
7f1c74f84000-7f1c74fff000 ---p 00000000 00:00 0 
7f1c74fff000-7f1c75000000 rw-p 00000000 00:00 0 
7f1c75000000-7f1c75900000 rwxp 00000000 00:00 0 
7f1c75900000-7f1c84000000 ---p 00000000 00:00 0 
7f1c84000000-7f1c84b90000 rw-p 00000000 00:00 0 
7f1c84b90000-7f1c88000000 ---p 00000000 00:00 0 
7f1c88000000-7f1c88001000 r--s 00002000 00:33 8782186                    /home/robore/.m2/repository/org/seleniumhq/selenium/selenium-chrome-driver/3.13.0/selenium-chrome-driver-3.13.0.jar
7f1c88001000-7f1c8801c000 r--s 001d6000 08:03 12587863                   /usr/lib/jvm/java-8-openjdk-amd64/jre/lib/ext/nashorn.jar
7f1c8801c000-7f1c88104000 rw-p 00000000 00:00 0 
7f1c88104000-7f1c884a0000 ---p 00000000 00:00 0 
7f1c884a0000-7f1c884a8000 r-xp 00000000 08:03 12587896                   /usr/lib/jvm/java-8-openjdk-amd64/jre/lib/amd64/libzip.so
7f1c884a8000-7f1c886a7000 ---p 00008000 08:03 12587896                   /usr/lib/jvm/java-8-openjdk-amd64/jre/lib/amd64/libzip.so
7f1c886a7000-7f1c886a8000 r--p 00007000 08:03 12587896                   /usr/lib/jvm/java-8-openjdk-amd64/jre/lib/amd64/libzip.so
7f1c886a8000-7f1c886a9000 rw-p 00008000 08:03 12587896                   /usr/lib/jvm/java-8-openjdk-amd64/jre/lib/amd64/libzip.so
7f1c886a9000-7f1c886b4000 r-xp 00000000 08:03 11539146                   /lib/x86_64-linux-gnu/libnss_files-2.23.so
7f1c886b4000-7f1c888b3000 ---p 0000b000 08:03 11539146                   /lib/x86_64-linux-gnu/libnss_files-2.23.so
7f1c888b3000-7f1c888b4000 r--p 0000a000 08:03 11539146                   /lib/x86_64-linux-gnu/libnss_files-2.23.so
7f1c888b4000-7f1c888b5000 rw-p 0000b000 08:03 11539146                   /lib/x86_64-linux-gnu/libnss_files-2.23.so
7f1c888b5000-7f1c888bb000 rw-p 00000000 00:00 0 
7f1c888bb000-7f1c888c6000 r-xp 00000000 08:03 11539156                   /lib/x86_64-linux-gnu/libnss_nis-2.23.so
7f1c888c6000-7f1c88ac5000 ---p 0000b000 08:03 11539156                   /lib/x86_64-linux-gnu/libnss_nis-2.23.so
7f1c88ac5000-7f1c88ac6000 r--p 0000a000 08:03 11539156                   /lib/x86_64-linux-gnu/libnss_nis-2.23.so
7f1c88ac6000-7f1c88ac7000 rw-p 0000b000 08:03 11539156                   /lib/x86_64-linux-gnu/libnss_nis-2.23.so
7f1c88ac7000-7f1c88add000 r-xp 00000000 08:03 11539140                   /lib/x86_64-linux-gnu/libnsl-2.23.so
7f1c88add000-7f1c88cdc000 ---p 00016000 08:03 11539140                   /lib/x86_64-linux-gnu/libnsl-2.23.so
7f1c88cdc000-7f1c88cdd000 r--p 00015000 08:03 11539140                   /lib/x86_64-linux-gnu/libnsl-2.23.so
7f1c88cdd000-7f1c88cde000 rw-p 00016000 08:03 11539140                   /lib/x86_64-linux-gnu/libnsl-2.23.so
7f1c88cde000-7f1c88ce0000 rw-p 00000000 00:00 0 
7f1c88ce0000-7f1c88ce8000 r-xp 00000000 08:03 11539142                   /lib/x86_64-linux-gnu/libnss_compat-2.23.so
7f1c88ce8000-7f1c88ee7000 ---p 00008000 08:03 11539142                   /lib/x86_64-linux-gnu/libnss_compat-2.23.so
7f1c88ee7000-7f1c88ee8000 r--p 00007000 08:03 11539142                   /lib/x86_64-linux-gnu/libnss_compat-2.23.so
7f1c88ee8000-7f1c88ee9000 rw-p 00008000 08:03 11539142                   /lib/x86_64-linux-gnu/libnss_compat-2.23.so
7f1c88ee9000-7f1c88f12000 r-xp 00000000 08:03 12587908                   /usr/lib/jvm/java-8-openjdk-amd64/jre/lib/amd64/libjava.so
7f1c88f12000-7f1c89112000 ---p 00029000 08:03 12587908                   /usr/lib/jvm/java-8-openjdk-amd64/jre/lib/amd64/libjava.so
7f1c89112000-7f1c89113000 r--p 00029000 08:03 12587908                   /usr/lib/jvm/java-8-openjdk-amd64/jre/lib/amd64/libjava.so
7f1c89113000-7f1c89115000 rw-p 0002a000 08:03 12587908                   /usr/lib/jvm/java-8-openjdk-amd64/jre/lib/amd64/libjava.so
7f1c89115000-7f1c89124000 r-xp 00000000 08:03 12587892                   /usr/lib/jvm/java-8-openjdk-amd64/jre/lib/amd64/libverify.so
7f1c89124000-7f1c89323000 ---p 0000f000 08:03 12587892                   /usr/lib/jvm/java-8-openjdk-amd64/jre/lib/amd64/libverify.so
7f1c89323000-7f1c89325000 r--p 0000e000 08:03 12587892                   /usr/lib/jvm/java-8-openjdk-amd64/jre/lib/amd64/libverify.so
7f1c89325000-7f1c89326000 rw-p 00010000 08:03 12587892                   /usr/lib/jvm/java-8-openjdk-amd64/jre/lib/amd64/libverify.so
7f1c89326000-7f1c8932d000 r-xp 00000000 08:03 11539201                   /lib/x86_64-linux-gnu/librt-2.23.so
7f1c8932d000-7f1c8952c000 ---p 00007000 08:03 11539201                   /lib/x86_64-linux-gnu/librt-2.23.so
7f1c8952c000-7f1c8952d000 r--p 00006000 08:03 11539201                   /lib/x86_64-linux-gnu/librt-2.23.so
7f1c8952d000-7f1c8952e000 rw-p 00007000 08:03 11539201                   /lib/x86_64-linux-gnu/librt-2.23.so
7f1c8952e000-7f1c89544000 r-xp 00000000 08:03 11539085                   /lib/x86_64-linux-gnu/libgcc_s.so.1
7f1c89544000-7f1c89743000 ---p 00016000 08:03 11539085                   /lib/x86_64-linux-gnu/libgcc_s.so.1
7f1c89743000-7f1c89744000 rw-p 00015000 08:03 11539085                   /lib/x86_64-linux-gnu/libgcc_s.so.1
7f1c89744000-7f1c8984c000 r-xp 00000000 08:03 11539117                   /lib/x86_64-linux-gnu/libm-2.23.so
7f1c8984c000-7f1c89a4b000 ---p 00108000 08:03 11539117                   /lib/x86_64-linux-gnu/libm-2.23.so
7f1c89a4b000-7f1c89a4c000 r--p 00107000 08:03 11539117                   /lib/x86_64-linux-gnu/libm-2.23.so
7f1c89a4c000-7f1c89a4d000 rw-p 00108000 08:03 11539117                   /lib/x86_64-linux-gnu/libm-2.23.so
7f1c89a4d000-7f1c89bbf000 r-xp 00000000 08:03 12454022                   /usr/lib/x86_64-linux-gnu/libstdc++.so.6.0.21
7f1c89bbf000-7f1c89dbf000 ---p 00172000 08:03 12454022                   /usr/lib/x86_64-linux-gnu/libstdc++.so.6.0.21
7f1c89dbf000-7f1c89dc9000 r--p 00172000 08:03 12454022                   /usr/lib/x86_64-linux-gnu/libstdc++.so.6.0.21
7f1c89dc9000-7f1c89dcb000 rw-p 0017c000 08:03 12454022                   /usr/lib/x86_64-linux-gnu/libstdc++.so.6.0.21
7f1c89dcb000-7f1c89dcf000 rw-p 00000000 00:00 0 
7f1c89dcf000-7f1c8aa37000 r-xp 00000000 08:03 12587912                   /usr/lib/jvm/java-8-openjdk-amd64/jre/lib/amd64/server/libjvm.so
7f1c8aa37000-7f1c8ac37000 ---p 00c68000 08:03 12587912                   /usr/lib/jvm/java-8-openjdk-amd64/jre/lib/amd64/server/libjvm.so
7f1c8ac37000-7f1c8accb000 r--p 00c68000 08:03 12587912                   /usr/lib/jvm/java-8-openjdk-amd64/jre/lib/amd64/server/libjvm.so
7f1c8accb000-7f1c8acf4000 rw-p 00cfc000 08:03 12587912                   /usr/lib/jvm/java-8-openjdk-amd64/jre/lib/amd64/server/libjvm.so
7f1c8acf4000-7f1c8ad24000 rw-p 00000000 00:00 0 
7f1c8ad24000-7f1c8ad3c000 r-xp 00000000 08:03 11539193                   /lib/x86_64-linux-gnu/libpthread-2.23.so
7f1c8ad3c000-7f1c8af3b000 ---p 00018000 08:03 11539193                   /lib/x86_64-linux-gnu/libpthread-2.23.so
7f1c8af3b000-7f1c8af3c000 r--p 00017000 08:03 11539193                   /lib/x86_64-linux-gnu/libpthread-2.23.so
7f1c8af3c000-7f1c8af3d000 rw-p 00018000 08:03 11539193                   /lib/x86_64-linux-gnu/libpthread-2.23.so
7f1c8af3d000-7f1c8af41000 rw-p 00000000 00:00 0 
7f1c8af41000-7f1c8af44000 r-xp 00000000 08:03 11539071                   /lib/x86_64-linux-gnu/libdl-2.23.so
7f1c8af44000-7f1c8b143000 ---p 00003000 08:03 11539071                   /lib/x86_64-linux-gnu/libdl-2.23.so
7f1c8b143000-7f1c8b144000 r--p 00002000 08:03 11539071                   /lib/x86_64-linux-gnu/libdl-2.23.so
7f1c8b144000-7f1c8b145000 rw-p 00003000 08:03 11539071                   /lib/x86_64-linux-gnu/libdl-2.23.so
7f1c8b145000-7f1c8b15e000 r-xp 00000000 08:03 11539044                   /lib/x86_64-linux-gnu/libz.so.1.2.8
7f1c8b15e000-7f1c8b35d000 ---p 00019000 08:03 11539044                   /lib/x86_64-linux-gnu/libz.so.1.2.8
7f1c8b35d000-7f1c8b35e000 r--p 00018000 08:03 11539044                   /lib/x86_64-linux-gnu/libz.so.1.2.8
7f1c8b35e000-7f1c8b35f000 rw-p 00019000 08:03 11539044                   /lib/x86_64-linux-gnu/libz.so.1.2.8
7f1c8b35f000-7f1c8b51f000 r-xp 00000000 08:03 11539047                   /lib/x86_64-linux-gnu/libc-2.23.so
7f1c8b51f000-7f1c8b71f000 ---p 001c0000 08:03 11539047                   /lib/x86_64-linux-gnu/libc-2.23.so
7f1c8b71f000-7f1c8b723000 r--p 001c0000 08:03 11539047                   /lib/x86_64-linux-gnu/libc-2.23.so
7f1c8b723000-7f1c8b725000 rw-p 001c4000 08:03 11539047                   /lib/x86_64-linux-gnu/libc-2.23.so
7f1c8b725000-7f1c8b729000 rw-p 00000000 00:00 0 
7f1c8b729000-7f1c8b736000 r-xp 00000000 08:03 12587900                   /usr/lib/jvm/java-8-openjdk-amd64/jre/lib/amd64/jli/libjli.so
7f1c8b736000-7f1c8b936000 ---p 0000d000 08:03 12587900                   /usr/lib/jvm/java-8-openjdk-amd64/jre/lib/amd64/jli/libjli.so
7f1c8b936000-7f1c8b937000 r--p 0000d000 08:03 12587900                   /usr/lib/jvm/java-8-openjdk-amd64/jre/lib/amd64/jli/libjli.so
7f1c8b937000-7f1c8b938000 rw-p 0000e000 08:03 12587900                   /usr/lib/jvm/java-8-openjdk-amd64/jre/lib/amd64/jli/libjli.so
7f1c8b938000-7f1c8b95e000 r-xp 00000000 08:03 11539019                   /lib/x86_64-linux-gnu/ld-2.23.so
7f1c8b95e000-7f1c8b95f000 r--s 00000000 00:33 8782182                    /home/robore/.m2/repository/org/seleniumhq/selenium/selenium-java/3.13.0/selenium-java-3.13.0.jar
7f1c8b95f000-7f1c8b960000 r--s 0000d000 08:03 12587870                   /usr/lib/jvm/java-8-openjdk-amd64/jre/lib/ext/sunec.jar
7f1c8b960000-7f1c8b964000 r--s 0003a000 08:03 12587864                   /usr/lib/jvm/java-8-openjdk-amd64/jre/lib/ext/sunpkcs11.jar
7f1c8b964000-7f1c8b965000 r--s 00010000 08:03 12587869                   /usr/lib/jvm/java-8-openjdk-amd64/jre/lib/ext/zipfs.jar
7f1c8b965000-7f1c8b966000 r--s 0000a000 08:03 12587871                   /usr/lib/jvm/java-8-openjdk-amd64/jre/lib/ext/jaccess.jar
7f1c8b966000-7f1c8ba3e000 rw-p 00000000 00:00 0 
7f1c8ba3e000-7f1c8ba41000 ---p 00000000 00:00 0 
7f1c8ba41000-7f1c8bb43000 rw-p 00000000 00:00 0 
7f1c8bb43000-7f1c8bb4d000 r--s 00116000 08:03 12587865                   /usr/lib/jvm/java-8-openjdk-amd64/jre/lib/ext/localedata.jar
7f1c8bb4d000-7f1c8bb52000 r--s 0003d000 08:03 12587867                   /usr/lib/jvm/java-8-openjdk-amd64/jre/lib/ext/sunjce_provider.jar
7f1c8bb52000-7f1c8bb5a000 rw-s 00000000 08:03 9963099                    /tmp/hsperfdata_robore/11969
7f1c8bb5a000-7f1c8bb5b000 rw-p 00000000 00:00 0 
7f1c8bb5b000-7f1c8bb5c000 ---p 00000000 00:00 0 
7f1c8bb5c000-7f1c8bb5d000 rw-p 00000000 00:00 0 
7f1c8bb5d000-7f1c8bb5e000 r--p 00025000 08:03 11539019                   /lib/x86_64-linux-gnu/ld-2.23.so
7f1c8bb5e000-7f1c8bb5f000 rw-p 00026000 08:03 11539019                   /lib/x86_64-linux-gnu/ld-2.23.so
7f1c8bb5f000-7f1c8bb60000 rw-p 00000000 00:00 0 
7fff1f838000-7fff1f85a000 rw-p 00000000 00:00 0                          [stack]
7fff1f8df000-7fff1f8e2000 r--p 00000000 00:00 0                          [vvar]
7fff1f8e2000-7fff1f8e4000 r-xp 00000000 00:00 0                          [vdso]
ffffffffff600000-ffffffffff601000 r-xp 00000000 00:00 0                  [vsyscall]

VM Arguments:
jvm_args: -ea -Dfile.encoding=UTF-8 
java_command: org.eclipse.jdt.internal.junit.runner.RemoteTestRunner -version 3 -port 33463 -testLoaderClass org.eclipse.jdt.internal.junit4.runner.JUnit4TestLoader -loaderpluginname org.eclipse.jdt.junit4.runtime -classNames lab3.PostTest
java_class_path (initial): /home/robore/eclipse-workspace/AutomatedTesting/Automated-Testing/target/test-classes:/home/robore/eclipse-workspace/AutomatedTesting/Automated-Testing/target/classes:/home/robore/.m2/repository/org/seleniumhq/selenium/selenium-java/3.13.0/selenium-java-3.13.0.jar:/home/robore/.m2/repository/org/seleniumhq/selenium/selenium-api/3.13.0/selenium-api-3.13.0.jar:/home/robore/.m2/repository/org/seleniumhq/selenium/selenium-chrome-driver/3.13.0/selenium-chrome-driver-3.13.0.jar:/home/robore/.m2/repository/org/seleniumhq/selenium/selenium-edge-driver/3.13.0/selenium-edge-driver-3.13.0.jar:/home/robore/.m2/repository/org/seleniumhq/selenium/selenium-firefox-driver/3.13.0/selenium-firefox-driver-3.13.0.jar:/home/robore/.m2/repository/org/seleniumhq/selenium/selenium-ie-driver/3.13.0/selenium-ie-driver-3.13.0.jar:/home/robore/.m2/repository/org/seleniumhq/selenium/selenium-opera-driver/3.13.0/selenium-opera-driver-3.13.0.jar:/home/robore/.m2/repository/org/seleniumhq/selenium/selenium-remote-driver/3.13.0/selenium-remote-driver-3.13.0.jar:/home/robore/.m2/repository/org/seleniumhq/selenium/selenium-safari-driver/3.13.0/selenium-safari-driver-3.13.0.jar:/home/robore/.m2/repository/org/seleniumhq/selenium/selenium-support/3.13.0/selenium-support-3.13.0.jar:/home/robore/.m2/repository/net/bytebuddy/byte-buddy/1.8.3/byte-buddy-1.8.3.jar:/home/robore/.m2/repository/org/apache/commons/commons-exec/1.3/commons-exec-1.3.jar:/home/robore/.m2/repository/commons-codec/commons-codec/1.10/commons-codec-1.10.jar:/home/robore/.m2/repository/commons-logging/commons-logging/1.2/commons-logging-1.2.jar:/home/robore/.m2/repository/com/google/code/gson/gson/2.8.4/gson-2.8.4.jar:/home/robore/.m2/repository/com/google/guava/guava/25.0-jre/guava-25.0-jre.jar:/home/robore/.m2/repository/com/google/code/findbugs/jsr305/1.3.9/jsr305-1.3.9.jar:/home/robore/.m2/repository/org/checkerframework/checker-compat-qual/2.0.0/checker-compat-qual-2.0.0.jar:/home/robore/.m2/repository
Launcher Type: SUN_STANDARD

Environment Variables:
PATH=/home/robore/bin:/home/robore/.local/bin:/opt/maven/bin:/usr/local/sbin:/usr/local/bin:/usr/sbin:/usr/bin:/sbin:/bin:/usr/games:/usr/local/games:/snap/bin
SHELL=/bin/bash
DISPLAY=:0

Signal Handlers:
SIGSEGV: [libjvm.so+0xa7b8f0], sa_mask[0]=11111111011111111101111111111110, sa_flags=SA_RESTART|SA_SIGINFO
SIGBUS: [libjvm.so+0xa7b8f0], sa_mask[0]=11111111011111111101111111111110, sa_flags=SA_RESTART|SA_SIGINFO
SIGFPE: [libjvm.so+0x8c3a90], sa_mask[0]=11111111011111111101111111111110, sa_flags=SA_RESTART|SA_SIGINFO
SIGPIPE: [libjvm.so+0x8c3a90], sa_mask[0]=11111111011111111101111111111110, sa_flags=SA_RESTART|SA_SIGINFO
SIGXFSZ: [libjvm.so+0x8c3a90], sa_mask[0]=11111111011111111101111111111110, sa_flags=SA_RESTART|SA_SIGINFO
SIGILL: [libjvm.so+0x8c3a90], sa_mask[0]=11111111011111111101111111111110, sa_flags=SA_RESTART|SA_SIGINFO
SIGUSR1: SIG_DFL, sa_mask[0]=00000000000000000000000000000000, sa_flags=none
SIGUSR2: [libjvm.so+0x8c3940], sa_mask[0]=00100000000000000000000000000000, sa_flags=SA_RESTART|SA_SIGINFO
SIGHUP: [libjvm.so+0x8c3fd0], sa_mask[0]=11111111011111111101111111111110, sa_flags=SA_RESTART|SA_SIGINFO
SIGINT: [libjvm.so+0x8c3fd0], sa_mask[0]=11111111011111111101111111111110, sa_flags=SA_RESTART|SA_SIGINFO
SIGTERM: [libjvm.so+0x8c3fd0], sa_mask[0]=11111111011111111101111111111110, sa_flags=SA_RESTART|SA_SIGINFO
SIGQUIT: [libjvm.so+0x8c3fd0], sa_mask[0]=11111111011111111101111111111110, sa_flags=SA_RESTART|SA_SIGINFO


---------------  S Y S T E M  ---------------

OS:DISTRIB_ID=Ubuntu
DISTRIB_RELEASE=16.04
DISTRIB_CODENAME=xenial
DISTRIB_DESCRIPTION="Ubuntu 16.04.6 LTS"

uname:Linux 4.15.0-76-generic #86~16.04.1-Ubuntu SMP Mon Jan 20 11:02:50 UTC 2020 x86_64
libc:glibc 2.23 NPTL 2.23 
rlimit: STACK 8192k, CORE 0k, NPROC 14765, NOFILE 1048576, AS infinity
load average:1,55 1,53 1,48

/proc/meminfo:
MemTotal:        3841184 kB
MemFree:          115412 kB
MemAvailable:      37556 kB
Buffers:            2240 kB
Cached:           791276 kB
SwapCached:            0 kB
Active:          2755164 kB
Inactive:         765476 kB
Active(anon):    2728920 kB
Inactive(anon):   740948 kB
Active(file):      26244 kB
Inactive(file):    24528 kB
Unevictable:         112 kB
Mlocked:             112 kB
SwapTotal:             0 kB
SwapFree:              0 kB
Dirty:               552 kB
Writeback:             0 kB
AnonPages:       2727480 kB
Mapped:           325668 kB
Shmem:            742536 kB
Slab:              92060 kB
SReclaimable:      39140 kB
SUnreclaim:        52920 kB
KernelStack:       11056 kB
PageTables:        49172 kB
NFS_Unstable:          0 kB
Bounce:                0 kB
WritebackTmp:          0 kB
CommitLimit:     1920592 kB
Committed_AS:    8992344 kB
VmallocTotal:   34359738367 kB
VmallocUsed:           0 kB
VmallocChunk:          0 kB
HardwareCorrupted:     0 kB
AnonHugePages:         0 kB
ShmemHugePages:        0 kB
ShmemPmdMapped:        0 kB
CmaTotal:              0 kB
CmaFree:               0 kB
HugePages_Total:       0
HugePages_Free:        0
HugePages_Rsvd:        0
HugePages_Surp:        0
Hugepagesize:       2048 kB
DirectMap4k:      198980 kB
DirectMap2M:     3794944 kB
DirectMap1G:           0 kB

container (cgroup) information:
container_type: cgroupv1
cpu_cpuset_cpus: 0-3
cpu_memory_nodes: 0
active_processor_count: 4
cpu_quota: -1
cpu_period: 100000
cpu_shares: -1
memory_limit_in_bytes: -1
memory_and_swap_limit_in_bytes: -2
memory_soft_limit_in_bytes: -1
memory_usage_in_bytes: 3605528576
memory_max_usage_in_bytes: 0


CPU:total 4 (initial active 4) (2 cores per cpu, 2 threads per core) family 6 model 78 stepping 3, cmov, cx8, fxsr, mmx, sse, sse2, sse3, ssse3, sse4.1, sse4.2, popcnt, avx, avx2, aes, clmul, erms, 3dnowpref, lzcnt, ht, tsc, tscinvbit, bmi1, bmi2, adx

/proc/cpuinfo:
processor	: 0
vendor_id	: GenuineIntel
cpu family	: 6
model		: 78
model name	: Intel(R) Core(TM) i3-6006U CPU @ 2.00GHz
stepping	: 3
microcode	: 0xd6
cpu MHz		: 784.279
cache size	: 3072 KB
physical id	: 0
siblings	: 4
core id		: 0
cpu cores	: 2
apicid		: 0
initial apicid	: 0
fpu		: yes
fpu_exception	: yes
cpuid level	: 22
wp		: yes
flags		: fpu vme de pse tsc msr pae mce cx8 apic sep mtrr pge mca cmov pat pse36 clflush dts acpi mmx fxsr sse sse2 ss ht tm pbe syscall nx pdpe1gb rdtscp lm constant_tsc art arch_perfmon pebs bts rep_good nopl xtopology nonstop_tsc cpuid aperfmperf tsc_known_freq pni pclmulqdq dtes64 monitor ds_cpl vmx est tm2 ssse3 sdbg fma cx16 xtpr pdcm pcid sse4_1 sse4_2 x2apic movbe popcnt tsc_deadline_timer aes xsave avx f16c rdrand lahf_lm abm 3dnowprefetch cpuid_fault epb invpcid_single pti ssbd ibrs ibpb stibp tpr_shadow vnmi flexpriority ept vpid fsgsbase tsc_adjust bmi1 avx2 smep bmi2 erms invpcid mpx rdseed adx smap clflushopt intel_pt xsaveopt xsavec xgetbv1 xsaves dtherm arat pln pts hwp hwp_notify hwp_act_window hwp_epp md_clear flush_l1d
bugs		: cpu_meltdown spectre_v1 spectre_v2 spec_store_bypass l1tf mds swapgs itlb_multihit
bogomips	: 3984.00
clflush size	: 64
cache_alignment	: 64
address sizes	: 39 bits physical, 48 bits virtual
power management:

processor	: 1
vendor_id	: GenuineIntel
cpu family	: 6
model		: 78
model name	: Intel(R) Core(TM) i3-6006U CPU @ 2.00GHz
stepping	: 3
microcode	: 0xd6
cpu MHz		: 782.511
cache size	: 3072 KB
physical id	: 0
siblings	: 4
core id		: 1
cpu cores	: 2
apicid		: 2
initial apicid	: 2
fpu		: yes
fpu_exception	: yes
cpuid level	: 22
wp		: yes
flags		: fpu vme de pse tsc msr pae mce cx8 apic sep mtrr pge mca cmov pat pse36 clflush dts acpi mmx fxsr sse sse2 ss ht tm pbe syscall nx pdpe1gb rdtscp lm constant_tsc art arch_perfmon pebs bts rep_good nopl xtopology nonstop_tsc cpuid aperfmperf tsc_known_freq pni pclmulqdq dtes64 monitor ds_cpl vmx est tm2 ssse3 sdbg fma cx16 xtpr pdcm pcid sse4_1 sse4_2 x2apic movbe popcnt tsc_deadline_timer aes xsave avx f16c rdrand lahf_lm abm 3dnowprefetch cpuid_fault epb invpcid_single pti ssbd ibrs ibpb stibp tpr_shadow vnmi flexpriority ept vpid fsgsbase tsc_adjust bmi1 avx2 smep bmi2 erms invpcid mpx rdseed adx smap clflushopt intel_pt xsaveopt xsavec xgetbv1 xsaves dtherm arat pln pts hwp hwp_notify hwp_act_window hwp_epp md_clear flush_l1d
bugs		: cpu_meltdown spectre_v1 spectre_v2 spec_store_bypass l1tf mds swapgs itlb_multihit
bogomips	: 3984.00
clflush size	: 64
cache_alignment	: 64
address sizes	: 39 bits physical, 48 bits virtual
power management:

processor	: 2
vendor_id	: GenuineIntel
cpu family	: 6
model		: 78
model name	: Intel(R) Core(TM) i3-6006U CPU @ 2.00GHz
stepping	: 3
microcode	: 0xd6
cpu MHz		: 734.983
cache size	: 3072 KB
physical id	: 0
siblings	: 4
core id		: 0
cpu cores	: 2
apicid		: 1
initial apicid	: 1
fpu		: yes
fpu_exception	: yes
cpuid level	: 22
wp		: yes
flags		: fpu vme de pse tsc msr pae mce cx8 apic sep mtrr pge mca cmov pat pse36 clflush dts acpi mmx fxsr sse sse2 ss ht tm pbe syscall nx pdpe1gb rdtscp lm constant_tsc art arch_perfmon pebs bts rep_good nopl xtopology nonstop_tsc cpuid aperfmperf tsc_known_freq pni pclmulqdq dtes64 monitor ds_cpl vmx est tm2 ssse3 sdbg fma cx16 xtpr pdcm pcid sse4_1 sse4_2 x2apic movbe popcnt tsc_deadline_timer aes xsave avx f16c rdrand lahf_lm abm 3dnowprefetch cpuid_fault epb invpcid_single pti ssbd ibrs ibpb stibp tpr_shadow vnmi flexpriority ept vpid fsgsbase tsc_adjust bmi1 avx2 smep bmi2 erms invpcid mpx rdseed adx smap clflushopt intel_pt xsaveopt xsavec xgetbv1 xsaves dtherm arat pln pts hwp hwp_notify hwp_act_window hwp_epp md_clear flush_l1d
bugs		: cpu_meltdown spectre_v1 spectre_v2 spec_store_bypass l1tf mds swapgs itlb_multihit
bogomips	: 3984.00
clflush size	: 64
cache_alignment	: 64
address sizes	: 39 bits physical, 48 bits virtual
power management:

processor	: 3
vendor_id	: GenuineIntel
cpu family	: 6
model		: 78
model name	: Intel(R) Core(TM) i3-6006U CPU @ 2.00GHz
stepping	: 3
microcode	: 0xd6
cpu MHz		: 749.776
cache size	: 3072 KB
physical id	: 0
siblings	: 4
core id		: 1
cpu cores	: 2
apicid		: 3
initial apicid	: 3
fpu		: yes
fpu_exception	: yes
cpuid level	: 22
wp		: yes
flags		: fpu vme de pse tsc msr pae mce cx8 apic sep mtrr pge mca cmov pat pse36 clflush dts acpi mmx fxsr sse sse2 ss ht tm pbe syscall nx pdpe1gb rdtscp lm constant_tsc art arch_perfmon pebs bts rep_good nopl xtopology nonstop_tsc cpuid aperfmperf tsc_known_freq pni pclmulqdq dtes64 monitor ds_cpl vmx est tm2 ssse3 sdbg fma cx16 xtpr pdcm pcid sse4_1 sse4_2 x2apic movbe popcnt tsc_deadline_timer aes xsave avx f16c rdrand lahf_lm abm 3dnowprefetch cpuid_fault epb invpcid_single pti ssbd ibrs ibpb stibp tpr_shadow vnmi flexpriority ept vpid fsgsbase tsc_adjust bmi1 avx2 smep bmi2 erms invpcid mpx rdseed adx smap clflushopt intel_pt xsaveopt xsavec xgetbv1 xsaves dtherm arat pln pts hwp hwp_notify hwp_act_window hwp_epp md_clear flush_l1d
bugs		: cpu_meltdown spectre_v1 spectre_v2 spec_store_bypass l1tf mds swapgs itlb_multihit
bogomips	: 3984.00
clflush size	: 64
cache_alignment	: 64
address sizes	: 39 bits physical, 48 bits virtual
power management:



Memory: 4k page, physical 3841184k(115288k free), swap 0k(0k free)

vm_info: OpenJDK 64-Bit Server VM (25.242-b08) for linux-amd64 JRE (1.8.0_242-8u242-b08-0ubuntu3~16.04-b08), built on Jan 18 2020 03:34:56 by "buildd" with gcc 5.4.0 20160609

time: Tue Mar 24 00:07:22 2020
timezone: MSK
elapsed time: 12 seconds (0d 0h 0m 12s)

